<?xml version="1.0" encoding="UTF-8"?>
<!-- Generated by org.testng.reporters.JUnitReportReporter -->
<testsuite hostname="DESKTOP-R0LQ317" failures="0" tests="2" name="ExtentReports.CreatingDependencies" time="1.041" errors="1" timestamp="2024-07-29T12:17:30 IST" skipped="1">
  <testcase classname="ExtentReports.CreatingDependencies" name="deleteAccount" time="0.001">
    <skipped/>
  </testcase> <!-- deleteAccount -->
  <testcase classname="ExtentReports.CreatingDependencies" name="createAccount" time="1.040">
    <error message="Method ExtentReports.CreatingDependencies.createAccount() didn&#039;t finish within the time-out 1000" type="org.testng.internal.thread.ThreadTimeoutException">
      <![CDATA[org.testng.internal.thread.ThreadTimeoutException: Method ExtentReports.CreatingDependencies.createAccount() didn't finish within the time-out 1000
at java.base@17.0.6/java.io.WinNTFileSystem.getBooleanAttributes(Native Method)
at java.base@17.0.6/java.io.FileSystem.hasBooleanAttributes(FileSystem.java:125)
at java.base@17.0.6/java.io.File.exists(File.java:834)
at java.base@17.0.6/jdk.internal.loader.URLClassPath$FileLoader.getResource(URLClassPath.java:1262)
at java.base@17.0.6/jdk.internal.loader.URLClassPath.getResource(URLClassPath.java:319)
at java.base@17.0.6/jdk.internal.loader.BuiltinClassLoader.findClassOnClassPathOrNull(BuiltinClassLoader.java:757)
at java.base@17.0.6/jdk.internal.loader.BuiltinClassLoader.loadClassOrNull(BuiltinClassLoader.java:681)
at java.base@17.0.6/jdk.internal.loader.BuiltinClassLoader.loadClass(BuiltinClassLoader.java:639)
at java.base@17.0.6/jdk.internal.loader.ClassLoaders$AppClassLoader.loadClass(ClassLoaders.java:188)
at java.base@17.0.6/java.lang.ClassLoader.loadClass(ClassLoader.java:520)
at app//org.openqa.selenium.json.CollectionCoercer.lambda$apply$1(CollectionCoercer.java:60)
at app//org.openqa.selenium.json.CollectionCoercer$$Lambda$262/0x0000000100203b28.apply(Unknown Source)
at app//org.openqa.selenium.json.JsonTypeCoercer.lambda$buildCoercer$6(JsonTypeCoercer.java:174)
at app//org.openqa.selenium.json.JsonTypeCoercer$$Lambda$254/0x00000001002016d8.apply(Unknown Source)
at app//org.openqa.selenium.json.JsonTypeCoercer.coerce(JsonTypeCoercer.java:149)
at app//org.openqa.selenium.json.InstanceCoercer.lambda$apply$0(InstanceCoercer.java:87)
at app//org.openqa.selenium.json.InstanceCoercer$$Lambda$252/0x0000000100201270.apply(Unknown Source)
at app//org.openqa.selenium.json.JsonTypeCoercer.lambda$buildCoercer$6(JsonTypeCoercer.java:174)
at app//org.openqa.selenium.json.JsonTypeCoercer$$Lambda$254/0x00000001002016d8.apply(Unknown Source)
at app//org.openqa.selenium.json.JsonTypeCoercer.coerce(JsonTypeCoercer.java:149)
at app//org.openqa.selenium.json.Json.toType(Json.java:206)
at app//org.openqa.selenium.json.Json.toType(Json.java:167)
at app//org.openqa.selenium.json.Json.toType(Json.java:152)
at app//org.openqa.selenium.manager.SeleniumManager.runCommand(SeleniumManager.java:130)
at app//org.openqa.selenium.manager.SeleniumManager.getDriverPath(SeleniumManager.java:289)
at app//org.openqa.selenium.remote.service.DriverFinder.getPath(DriverFinder.java:22)
at app//org.openqa.selenium.remote.service.DriverFinder.getPath(DriverFinder.java:13)
at app//org.openqa.selenium.chrome.ChromeDriver.generateExecutor(ChromeDriver.java:99)
at app//org.openqa.selenium.chrome.ChromeDriver.<init>(ChromeDriver.java:88)
at app//org.openqa.selenium.chrome.ChromeDriver.<init>(ChromeDriver.java:83)
at app//org.openqa.selenium.chrome.ChromeDriver.<init>(ChromeDriver.java:51)
at app//ExtentReports.CreatingDependencies.createAccount(CreatingDependencies.java:13)
at java.base@17.0.6/jdk.internal.reflect.NativeMethodAccessorImpl.invoke0(Native Method)
at java.base@17.0.6/jdk.internal.reflect.NativeMethodAccessorImpl.invoke(NativeMethodAccessorImpl.java:77)
at java.base@17.0.6/jdk.internal.reflect.DelegatingMethodAccessorImpl.invoke(DelegatingMethodAccessorImpl.java:43)
at java.base@17.0.6/java.lang.reflect.Method.invoke(Method.java:568)
at app//org.testng.internal.invokers.MethodInvocationHelper.invokeMethod(MethodInvocationHelper.java:139)
at app//org.testng.internal.invokers.InvokeMethodRunnable.runOne(InvokeMethodRunnable.java:47)
at app//org.testng.internal.invokers.InvokeMethodRunnable.call(InvokeMethodRunnable.java:76)
at app//org.testng.internal.invokers.InvokeMethodRunnable.call(InvokeMethodRunnable.java:11)
at java.base@17.0.6/java.util.concurrent.FutureTask.run(FutureTask.java:264)
at java.base@17.0.6/java.util.concurrent.ThreadPoolExecutor.runWorker(ThreadPoolExecutor.java:1136)
at java.base@17.0.6/java.util.concurrent.ThreadPoolExecutor$Worker.run(ThreadPoolExecutor.java:635)
at java.base@17.0.6/java.lang.Thread.run(Thread.java:833)
]]>
    </error>
  </testcase> <!-- createAccount -->
</testsuite> <!-- ExtentReports.CreatingDependencies -->
